<?xml version="1.0" encoding="UTF-8"?>
<testng-results skipped="0" failed="0" ignored="0" total="1" passed="1">
  <reporter-output>
  </reporter-output>
  <suite name="Default suite" duration-ms="27007" started-at="2020-06-05T16:15:18Z" finished-at="2020-06-05T16:15:45Z">
    <groups>
      <group name="cucumber">
        <method signature="AbstractTestNGCucumberTests.runScenario(cucumber.api.testng.PickleEventWrapper, cucumber.api.testng.CucumberFeatureWrapper)[pri:0, instance:runner.Runner$RunTest@1ed4004b]" name="runScenario" class="cucumber.api.testng.AbstractTestNGCucumberTests"/>
      </group> <!-- cucumber -->
    </groups>
    <test name="Default test" duration-ms="27007" started-at="2020-06-05T16:15:18Z" finished-at="2020-06-05T16:15:45Z">
      <class name="runner.Runner$RunTest">
        <test-method status="PASS" signature="setUpClass()[pri:0, instance:runner.Runner$RunTest@1ed4004b]" name="setUpClass" is-config="true" duration-ms="164" started-at="2020-06-05T16:15:18Z" finished-at="2020-06-05T16:15:18Z">
          <reporter-output>
          </reporter-output>
        </test-method> <!-- setUpClass -->
        <test-method status="PASS" signature="runScenario(cucumber.api.testng.PickleEventWrapper, cucumber.api.testng.CucumberFeatureWrapper)[pri:0, instance:runner.Runner$RunTest@1ed4004b]" name="runScenario" duration-ms="26771" started-at="2020-06-05T16:15:18Z" description="Runs Cucumber Scenarios" data-provider="scenarios" finished-at="2020-06-05T16:15:45Z">
          <params>
            <param index="0">
              <value>
                <![CDATA["scenario description"]]>
              </value>
            </param>
            <param index="1">
              <value>
                <![CDATA["Book a car from carwala site"]]>
              </value>
            </param>
          </params>
          <reporter-output>
          </reporter-output>
        </test-method> <!-- runScenario -->
        <test-method status="PASS" signature="tearDownClass()[pri:0, instance:runner.Runner$RunTest@1ed4004b]" name="tearDownClass" is-config="true" duration-ms="7" started-at="2020-06-05T16:15:45Z" finished-at="2020-06-05T16:15:45Z">
          <reporter-output>
          </reporter-output>
        </test-method> <!-- tearDownClass -->
      </class> <!-- runner.Runner$RunTest -->
    </test> <!-- Default test -->
  </suite> <!-- Default suite -->
</testng-results>
